TN:
SF:src\modules\appointments\services\CreateAppointmentService.ts
FN:71,Object.<anonymous>
FN:71,Object.<anonymous>.__decorate
FN:71,Object.<anonymous>.__metadata
FN:71,Object.<anonymous>.__param
FN:71,Object.<anonymous>.__awaiter
FN:71,adopt
FN:71,fulfilled
FN:71,rejected
FN:71,step
FN:71,Object.<anonymous>.__generator
FN:71,sent
FN:71,g.<computed>
FN:71,verb
FN:71,step
FN:71,Object.<anonymous>.__importDefault
FN:17,CreateAppointmentService
FN:25,Object.<anonymous>.CreateAppointmentService.execute
FNF:17
FNH:15
FNDA:1,Object.<anonymous>
FNDA:1,Object.<anonymous>.__decorate
FNDA:1,Object.<anonymous>.__metadata
FNDA:2,Object.<anonymous>.__param
FNDA:7,Object.<anonymous>.__awaiter
FNDA:6,adopt
FNDA:6,fulfilled
FNDA:0,rejected
FNDA:8,step
FNDA:7,Object.<anonymous>.__generator
FNDA:6,sent
FNDA:0,g.<computed>
FNDA:21,verb
FNDA:13,step
FNDA:1,Object.<anonymous>.__importDefault
FNDA:5,CreateAppointmentService
FNDA:7,Object.<anonymous>.CreateAppointmentService.execute
DA:1,1
DA:2,1
DA:3,1
DA:4,1
DA:5,1
DA:6,1
DA:7,1
DA:8,1
DA:9,1
DA:10,1
DA:11,1
DA:12,1
DA:13,1
DA:14,1
DA:15,1
DA:16,1
DA:17,1
DA:18,5
DA:19,5
DA:20,5
DA:21,5
DA:22,5
DA:23,5
DA:24,1
DA:25,1
DA:26,7
DA:27,7
DA:28,7
DA:29,7
DA:30,7
DA:31,7
DA:32,7
DA:33,3
DA:34,3
DA:35,4
DA:36,7
DA:37,1
DA:38,1
DA:39,3
DA:40,7
DA:41,1
DA:42,1
DA:43,1
DA:44,1
DA:45,2
DA:46,2
DA:47,2
DA:48,2
DA:49,7
DA:50,7
DA:51,0
DA:52,0
DA:53,7
DA:54,7
DA:55,7
DA:56,7
DA:57,7
DA:58,7
DA:59,7
DA:60,7
DA:61,7
DA:62,7
DA:63,7
DA:64,7
DA:65,7
DA:66,7
DA:67,7
DA:68,7
DA:69,1
DA:70,1
DA:71,1
LF:71
LH:69
BRDA:71,0,0,1
BRDA:71,1,0,1
BRDA:71,2,0,1
BRDA:71,3,0,0
BRDA:71,4,0,0
BRDA:71,5,0,0
BRDA:71,6,0,0
BRDA:71,7,0,1
BRDA:71,8,0,2
BRDA:71,9,0,2
BRDA:71,10,0,7
BRDA:71,11,0,6
BRDA:71,12,0,0
BRDA:71,13,0,7
BRDA:71,14,0,6
BRDA:71,15,0,0
BRDA:71,16,0,8
BRDA:71,17,0,2
BRDA:71,18,0,6
BRDA:71,19,0,7
BRDA:71,20,0,6
BRDA:71,21,0,0
BRDA:71,22,0,21
BRDA:71,23,0,13
BRDA:71,24,0,13
BRDA:71,25,0,0
BRDA:71,26,0,26
BRDA:71,27,0,0
BRDA:71,28,0,0
BRDA:71,29,0,0
BRDA:71,30,0,0
BRDA:71,31,0,13
BRDA:71,32,0,13
BRDA:71,33,0,6
BRDA:71,34,0,0
BRDA:71,35,0,0
BRDA:71,36,0,7
BRDA:71,37,0,0
BRDA:71,38,0,2
BRDA:71,39,0,0
BRDA:71,40,0,0
BRDA:71,41,0,0
BRDA:71,42,0,0
BRDA:71,43,0,13
BRDA:71,44,0,8
BRDA:71,45,0,5
BRDA:71,46,0,13
BRDA:71,47,0,7
BRDA:71,48,0,5
BRDA:71,49,0,2
BRDA:71,50,0,0
BRDA:71,51,0,1
BRDA:71,52,0,0
BRDA:16,53,0,1
BRDA:17,54,0,5
BRDA:25,55,0,7
BRDA:71,56,0,7
BRDA:71,57,0,13
BRDA:71,58,0,7
BRDA:32,59,0,3
BRDA:34,60,0,4
BRDA:36,61,0,1
BRDA:38,62,0,3
BRDA:40,63,0,2
BRDA:40,64,0,1
BRDA:44,65,0,2
BRDA:71,66,0,2
BRDA:50,67,0,0
BRDA:71,68,0,2
BRDA:71,69,0,2
BRF:70
BRH:48
end_of_record
TN:
SF:src\modules\appointments\services\ListProviderAppointmentsService.ts
FN:35,Object.<anonymous>
FN:35,Object.<anonymous>.__decorate
FN:35,Object.<anonymous>.__metadata
FN:35,Object.<anonymous>.__param
FN:35,Object.<anonymous>.__awaiter
FN:35,adopt
FN:35,fulfilled
FN:35,rejected
FN:35,step
FN:35,Object.<anonymous>.__generator
FN:35,sent
FN:35,g.<computed>
FN:35,verb
FN:35,step
FN:16,ListProviderAppointmentsService
FN:21,Object.<anonymous>.ListProviderAppointmentsService.execute
FNF:16
FNH:14
FNDA:1,Object.<anonymous>
FNDA:1,Object.<anonymous>.__decorate
FNDA:1,Object.<anonymous>.__metadata
FNDA:1,Object.<anonymous>.__param
FNDA:1,Object.<anonymous>.__awaiter
FNDA:1,adopt
FNDA:1,fulfilled
FNDA:0,rejected
FNDA:2,step
FNDA:1,Object.<anonymous>.__generator
FNDA:1,sent
FNDA:0,g.<computed>
FNDA:3,verb
FNDA:2,step
FNDA:1,ListProviderAppointmentsService
FNDA:1,Object.<anonymous>.ListProviderAppointmentsService.execute
DA:1,1
DA:2,1
DA:3,1
DA:4,1
DA:5,1
DA:6,1
DA:7,1
DA:8,1
DA:9,1
DA:10,1
DA:11,1
DA:12,1
DA:13,1
DA:14,1
DA:15,1
DA:16,1
DA:17,1
DA:18,1
DA:19,1
DA:20,1
DA:21,1
DA:22,1
DA:23,1
DA:24,1
DA:25,1
DA:26,1
DA:27,1
DA:28,1
DA:29,1
DA:30,1
DA:31,1
DA:32,1
DA:33,1
DA:34,1
DA:35,1
LF:35
LH:35
BRDA:35,0,0,1
BRDA:35,1,0,1
BRDA:35,2,0,1
BRDA:35,3,0,0
BRDA:35,4,0,0
BRDA:35,5,0,0
BRDA:35,6,0,0
BRDA:35,7,0,1
BRDA:35,8,0,1
BRDA:35,9,0,1
BRDA:35,10,0,1
BRDA:35,11,0,1
BRDA:35,12,0,0
BRDA:35,13,0,1
BRDA:35,14,0,1
BRDA:35,15,0,0
BRDA:35,16,0,2
BRDA:35,17,0,1
BRDA:35,18,0,1
BRDA:35,19,0,1
BRDA:35,20,0,1
BRDA:35,21,0,0
BRDA:35,22,0,3
BRDA:35,23,0,2
BRDA:35,24,0,2
BRDA:35,25,0,0
BRDA:35,26,0,4
BRDA:35,27,0,0
BRDA:35,28,0,0
BRDA:35,29,0,0
BRDA:35,30,0,0
BRDA:35,31,0,2
BRDA:35,32,0,2
BRDA:35,33,0,1
BRDA:35,34,0,0
BRDA:35,35,0,0
BRDA:35,36,0,1
BRDA:35,37,0,0
BRDA:35,38,0,0
BRDA:35,39,0,0
BRDA:35,40,0,0
BRDA:35,41,0,0
BRDA:35,42,0,2
BRDA:35,43,0,0
BRDA:35,44,0,2
BRDA:35,45,0,1
BRDA:35,46,0,0
BRDA:35,47,0,1
BRDA:35,48,0,0
BRDA:15,49,0,1
BRDA:16,50,0,1
BRDA:21,51,0,1
BRDA:35,52,0,1
BRDA:35,53,0,2
BRDA:27,54,0,1
BRDA:35,55,0,1
BRF:56
BRH:34
end_of_record
TN:
SF:src\modules\appointments\services\ListProviderDayAvailabilityService.ts
FN:66,Object.<anonymous>
FN:66,Object.<anonymous>.__decorate
FN:66,Object.<anonymous>.__metadata
FN:66,Object.<anonymous>.__param
FN:66,Object.<anonymous>.__awaiter
FN:66,adopt
FN:66,fulfilled
FN:66,rejected
FN:66,step
FN:66,Object.<anonymous>.__generator
FN:66,sent
FN:66,g.<computed>
FN:66,verb
FN:66,step
FN:20,ListProviderDayAvailabilityService
FN:25,Object.<anonymous>.ListProviderDayAvailabilityService.execute
FNF:16
FNH:14
FNDA:1,Object.<anonymous>
FNDA:1,Object.<anonymous>.__decorate
FNDA:1,Object.<anonymous>.__metadata
FNDA:1,Object.<anonymous>.__param
FNDA:1,Object.<anonymous>.__awaiter
FNDA:1,adopt
FNDA:1,fulfilled
FNDA:0,rejected
FNDA:2,step
FNDA:1,Object.<anonymous>.__generator
FNDA:1,sent
FNDA:0,g.<computed>
FNDA:3,verb
FNDA:2,step
FNDA:1,ListProviderDayAvailabilityService
FNDA:1,Object.<anonymous>.ListProviderDayAvailabilityService.execute
DA:1,1
DA:2,1
DA:3,1
DA:4,1
DA:5,1
DA:6,1
DA:7,1
DA:8,1
DA:9,1
DA:10,1
DA:11,1
DA:12,1
DA:13,1
DA:14,1
DA:15,1
DA:16,1
DA:17,1
DA:18,1
DA:19,1
DA:20,1
DA:21,1
DA:22,1
DA:23,1
DA:24,1
DA:25,1
DA:26,1
DA:27,1
DA:28,1
DA:29,1
DA:30,1
DA:31,1
DA:32,1
DA:33,1
DA:34,1
DA:35,1
DA:36,1
DA:37,1
DA:38,1
DA:39,1
DA:40,1
DA:41,1
DA:42,1
DA:43,1
DA:44,1
DA:45,1
DA:46,1
DA:47,1
DA:48,1
DA:49,1
DA:50,10
DA:51,10
DA:52,10
DA:53,10
DA:54,10
DA:55,10
DA:56,10
DA:57,10
DA:58,10
DA:59,10
DA:60,1
DA:61,1
DA:62,1
DA:63,1
DA:64,1
DA:65,1
DA:66,1
LF:66
LH:66
BRDA:66,0,0,1
BRDA:66,1,0,1
BRDA:66,2,0,1
BRDA:66,3,0,0
BRDA:66,4,0,0
BRDA:66,5,0,0
BRDA:66,6,0,0
BRDA:66,7,0,1
BRDA:66,8,0,1
BRDA:66,9,0,1
BRDA:66,10,0,1
BRDA:66,11,0,1
BRDA:66,12,0,0
BRDA:66,13,0,1
BRDA:66,14,0,1
BRDA:66,15,0,0
BRDA:66,16,0,2
BRDA:66,17,0,1
BRDA:66,18,0,1
BRDA:66,19,0,1
BRDA:66,20,0,1
BRDA:66,21,0,0
BRDA:66,22,0,3
BRDA:66,23,0,2
BRDA:66,24,0,2
BRDA:66,25,0,0
BRDA:66,26,0,4
BRDA:66,27,0,0
BRDA:66,28,0,0
BRDA:66,29,0,0
BRDA:66,30,0,0
BRDA:66,31,0,2
BRDA:66,32,0,2
BRDA:66,33,0,1
BRDA:66,34,0,0
BRDA:66,35,0,0
BRDA:66,36,0,1
BRDA:66,37,0,0
BRDA:66,38,0,0
BRDA:66,39,0,0
BRDA:66,40,0,0
BRDA:66,41,0,0
BRDA:66,42,0,2
BRDA:66,43,0,0
BRDA:66,44,0,2
BRDA:66,45,0,1
BRDA:66,46,0,0
BRDA:66,47,0,1
BRDA:66,48,0,0
BRDA:19,49,0,1
BRDA:20,50,0,1
BRDA:25,51,0,1
BRDA:66,52,0,1
BRDA:66,53,0,2
BRDA:31,54,0,1
BRDA:66,55,0,1
BRDA:44,56,0,10
BRDA:49,57,0,10
BRDA:58,58,0,8
BRDA:51,59,0,19
BRF:60
BRH:38
end_of_record
TN:
SF:src\modules\appointments\services\ListProviderMonthAvailabilityService.ts
FN:61,Object.<anonymous>
FN:61,Object.<anonymous>.__decorate
FN:61,Object.<anonymous>.__metadata
FN:61,Object.<anonymous>.__param
FN:61,Object.<anonymous>.__awaiter
FN:61,adopt
FN:61,fulfilled
FN:61,rejected
FN:61,step
FN:61,Object.<anonymous>.__generator
FN:61,sent
FN:61,g.<computed>
FN:61,verb
FN:61,step
FN:19,ListProviderMonthAvailabilityService
FN:24,Object.<anonymous>.ListProviderMonthAvailabilityService.execute
FNF:16
FNH:14
FNDA:1,Object.<anonymous>
FNDA:1,Object.<anonymous>.__decorate
FNDA:1,Object.<anonymous>.__metadata
FNDA:1,Object.<anonymous>.__param
FNDA:1,Object.<anonymous>.__awaiter
FNDA:1,adopt
FNDA:1,fulfilled
FNDA:0,rejected
FNDA:2,step
FNDA:1,Object.<anonymous>.__generator
FNDA:1,sent
FNDA:0,g.<computed>
FNDA:3,verb
FNDA:2,step
FNDA:1,ListProviderMonthAvailabilityService
FNDA:1,Object.<anonymous>.ListProviderMonthAvailabilityService.execute
DA:1,1
DA:2,1
DA:3,1
DA:4,1
DA:5,1
DA:6,1
DA:7,1
DA:8,1
DA:9,1
DA:10,1
DA:11,1
DA:12,1
DA:13,1
DA:14,1
DA:15,1
DA:16,1
DA:17,1
DA:18,1
DA:19,1
DA:20,1
DA:21,1
DA:22,1
DA:23,1
DA:24,1
DA:25,1
DA:26,1
DA:27,1
DA:28,1
DA:29,1
DA:30,1
DA:31,1
DA:32,1
DA:33,1
DA:34,1
DA:35,1
DA:36,1
DA:37,1
DA:38,1
DA:39,1
DA:40,1
DA:41,1
DA:42,1
DA:43,1
DA:44,1
DA:45,1
DA:46,1
DA:47,31
DA:48,341
DA:49,31
DA:50,31
DA:51,31
DA:52,31
DA:53,31
DA:54,31
DA:55,1
DA:56,1
DA:57,1
DA:58,1
DA:59,1
DA:60,1
DA:61,1
LF:61
LH:61
BRDA:61,0,0,1
BRDA:61,1,0,1
BRDA:61,2,0,1
BRDA:61,3,0,0
BRDA:61,4,0,0
BRDA:61,5,0,0
BRDA:61,6,0,0
BRDA:61,7,0,1
BRDA:61,8,0,1
BRDA:61,9,0,1
BRDA:61,10,0,1
BRDA:61,11,0,1
BRDA:61,12,0,0
BRDA:61,13,0,1
BRDA:61,14,0,1
BRDA:61,15,0,0
BRDA:61,16,0,2
BRDA:61,17,0,1
BRDA:61,18,0,1
BRDA:61,19,0,1
BRDA:61,20,0,1
BRDA:61,21,0,0
BRDA:61,22,0,3
BRDA:61,23,0,2
BRDA:61,24,0,2
BRDA:61,25,0,0
BRDA:61,26,0,4
BRDA:61,27,0,0
BRDA:61,28,0,0
BRDA:61,29,0,0
BRDA:61,30,0,0
BRDA:61,31,0,2
BRDA:61,32,0,2
BRDA:61,33,0,1
BRDA:61,34,0,0
BRDA:61,35,0,0
BRDA:61,36,0,1
BRDA:61,37,0,0
BRDA:61,38,0,0
BRDA:61,39,0,0
BRDA:61,40,0,0
BRDA:61,41,0,0
BRDA:61,42,0,2
BRDA:61,43,0,0
BRDA:61,44,0,2
BRDA:61,45,0,1
BRDA:61,46,0,0
BRDA:61,47,0,1
BRDA:61,48,0,0
BRDA:18,49,0,1
BRDA:19,50,0,1
BRDA:24,51,0,1
BRDA:61,52,0,1
BRDA:61,53,0,2
BRDA:29,54,0,1
BRDA:61,55,0,1
BRDA:43,56,0,31
BRDA:46,57,0,31
BRDA:47,58,0,341
BRF:59
BRH:37
end_of_record
TN:
SF:src\modules\appointments\services\ListProvidersService.ts
FN:27,Object.<anonymous>
FN:27,Object.<anonymous>.__decorate
FN:27,Object.<anonymous>.__metadata
FN:27,Object.<anonymous>.__param
FN:27,Object.<anonymous>.__awaiter
FN:27,adopt
FN:27,fulfilled
FN:27,rejected
FN:27,step
FN:27,Object.<anonymous>.__generator
FN:27,sent
FN:27,g.<computed>
FN:27,verb
FN:27,step
FN:13,ListProvidersService
FN:18,Object.<anonymous>.ListProvidersService.execute
FNF:16
FNH:14
FNDA:1,Object.<anonymous>
FNDA:1,Object.<anonymous>.__decorate
FNDA:1,Object.<anonymous>.__metadata
FNDA:1,Object.<anonymous>.__param
FNDA:1,Object.<anonymous>.__awaiter
FNDA:1,adopt
FNDA:1,fulfilled
FNDA:0,rejected
FNDA:2,step
FNDA:1,Object.<anonymous>.__generator
FNDA:1,sent
FNDA:0,g.<computed>
FNDA:3,verb
FNDA:2,step
FNDA:1,ListProvidersService
FNDA:1,Object.<anonymous>.ListProvidersService.execute
DA:1,1
DA:2,1
DA:3,1
DA:4,1
DA:5,1
DA:6,1
DA:7,1
DA:8,1
DA:9,1
DA:10,1
DA:11,1
DA:12,1
DA:13,1
DA:14,1
DA:15,1
DA:16,1
DA:17,1
DA:18,1
DA:19,1
DA:20,1
DA:21,1
DA:22,1
DA:23,1
DA:24,1
DA:25,1
DA:26,1
DA:27,1
LF:27
LH:27
BRDA:27,0,0,1
BRDA:27,1,0,1
BRDA:27,2,0,1
BRDA:27,3,0,0
BRDA:27,4,0,0
BRDA:27,5,0,0
BRDA:27,6,0,0
BRDA:27,7,0,1
BRDA:27,8,0,1
BRDA:27,9,0,1
BRDA:27,10,0,1
BRDA:27,11,0,1
BRDA:27,12,0,0
BRDA:27,13,0,1
BRDA:27,14,0,1
BRDA:27,15,0,0
BRDA:27,16,0,2
BRDA:27,17,0,1
BRDA:27,18,0,1
BRDA:27,19,0,1
BRDA:27,20,0,1
BRDA:27,21,0,0
BRDA:27,22,0,3
BRDA:27,23,0,2
BRDA:27,24,0,2
BRDA:27,25,0,0
BRDA:27,26,0,4
BRDA:27,27,0,0
BRDA:27,28,0,0
BRDA:27,29,0,0
BRDA:27,30,0,0
BRDA:27,31,0,2
BRDA:27,32,0,2
BRDA:27,33,0,1
BRDA:27,34,0,0
BRDA:27,35,0,0
BRDA:27,36,0,1
BRDA:27,37,0,0
BRDA:27,38,0,0
BRDA:27,39,0,0
BRDA:27,40,0,0
BRDA:27,41,0,0
BRDA:27,42,0,2
BRDA:27,43,0,0
BRDA:27,44,0,2
BRDA:27,45,0,1
BRDA:27,46,0,0
BRDA:27,47,0,1
BRDA:27,48,0,0
BRDA:12,49,0,1
BRDA:13,50,0,1
BRDA:18,51,0,1
BRDA:27,52,0,1
BRDA:27,53,0,2
BRDA:19,54,0,1
BRDA:27,55,0,1
BRF:56
BRH:34
end_of_record
TN:
SF:src\modules\users\services\AuthenticateUserService.ts
FN:56,Object.<anonymous>
FN:56,Object.<anonymous>.__decorate
FN:56,Object.<anonymous>.__metadata
FN:56,Object.<anonymous>.__param
FN:56,Object.<anonymous>.__awaiter
FN:56,adopt
FN:56,fulfilled
FN:56,rejected
FN:56,step
FN:56,Object.<anonymous>.__generator
FN:56,sent
FN:56,g.<computed>
FN:56,verb
FN:56,step
FN:56,Object.<anonymous>.__importDefault
FN:23,AuthenticateUserService
FN:31,Object.<anonymous>.AuthenticateUserService.execute
FNF:17
FNH:15
FNDA:1,Object.<anonymous>
FNDA:1,Object.<anonymous>.__decorate
FNDA:1,Object.<anonymous>.__metadata
FNDA:2,Object.<anonymous>.__param
FNDA:3,Object.<anonymous>.__awaiter
FNDA:5,adopt
FNDA:5,fulfilled
FNDA:0,rejected
FNDA:6,step
FNDA:3,Object.<anonymous>.__generator
FNDA:5,sent
FNDA:0,g.<computed>
FNDA:9,verb
FNDA:8,step
FNDA:2,Object.<anonymous>.__importDefault
FNDA:3,AuthenticateUserService
FNDA:3,Object.<anonymous>.AuthenticateUserService.execute
DA:1,1
DA:2,1
DA:3,1
DA:4,1
DA:5,1
DA:6,1
DA:7,1
DA:8,1
DA:9,1
DA:10,1
DA:11,1
DA:12,1
DA:13,1
DA:14,1
DA:15,1
DA:16,1
DA:17,1
DA:18,1
DA:19,1
DA:20,1
DA:21,1
DA:22,1
DA:23,1
DA:24,3
DA:25,3
DA:26,3
DA:27,3
DA:28,3
DA:29,3
DA:30,1
DA:31,1
DA:32,3
DA:33,3
DA:34,3
DA:35,1
DA:36,1
DA:37,2
DA:38,2
DA:39,2
DA:40,2
DA:41,2
DA:42,3
DA:43,3
DA:44,1
DA:45,1
DA:46,1
DA:47,1
DA:48,1
DA:49,1
DA:50,1
DA:51,1
DA:52,1
DA:53,3
DA:54,1
DA:55,1
DA:56,1
LF:56
LH:56
BRDA:56,0,0,1
BRDA:56,1,0,1
BRDA:56,2,0,1
BRDA:56,3,0,0
BRDA:56,4,0,0
BRDA:56,5,0,0
BRDA:56,6,0,0
BRDA:56,7,0,1
BRDA:56,8,0,2
BRDA:56,9,0,2
BRDA:56,10,0,3
BRDA:56,11,0,5
BRDA:56,12,0,0
BRDA:56,13,0,3
BRDA:56,14,0,5
BRDA:56,15,0,3
BRDA:56,16,0,2
BRDA:56,17,0,6
BRDA:56,18,0,1
BRDA:56,19,0,5
BRDA:56,20,0,3
BRDA:56,21,0,5
BRDA:56,22,0,0
BRDA:56,23,0,9
BRDA:56,24,0,8
BRDA:56,25,0,8
BRDA:56,26,0,0
BRDA:56,27,0,16
BRDA:56,28,0,0
BRDA:56,29,0,0
BRDA:56,30,0,0
BRDA:56,31,0,0
BRDA:56,32,0,8
BRDA:56,33,0,8
BRDA:56,34,0,5
BRDA:56,35,0,0
BRDA:56,36,0,0
BRDA:56,37,0,3
BRDA:56,38,0,0
BRDA:56,39,0,1
BRDA:56,40,0,0
BRDA:56,41,0,0
BRDA:56,42,0,0
BRDA:56,43,0,0
BRDA:56,44,0,8
BRDA:56,45,0,6
BRDA:56,46,0,2
BRDA:56,47,0,8
BRDA:56,48,0,3
BRDA:56,49,0,2
BRDA:56,50,0,1
BRDA:56,51,0,0
BRDA:56,52,0,2
BRDA:56,53,0,0
BRDA:22,54,0,1
BRDA:23,55,0,3
BRDA:31,56,0,3
BRDA:56,57,0,3
BRDA:56,58,0,8
BRDA:32,59,0,3
BRDA:56,60,0,3
BRDA:34,61,0,1
BRDA:36,62,0,2
BRDA:56,63,0,2
BRDA:43,64,0,1
BRF:65
BRH:45
end_of_record
TN:
SF:src\modules\users\services\CreateUserService.ts
FN:46,Object.<anonymous>
FN:46,Object.<anonymous>.__decorate
FN:46,Object.<anonymous>.__metadata
FN:46,Object.<anonymous>.__param
FN:46,Object.<anonymous>.__awaiter
FN:46,adopt
FN:46,fulfilled
FN:46,rejected
FN:46,step
FN:46,Object.<anonymous>.__generator
FN:46,sent
FN:46,g.<computed>
FN:46,verb
FN:46,step
FN:46,Object.<anonymous>.__importDefault
FN:17,CreateUserService
FN:25,Object.<anonymous>.CreateUserService.execute
FNF:17
FNH:15
FNDA:2,Object.<anonymous>
FNDA:2,Object.<anonymous>.__decorate
FNDA:2,Object.<anonymous>.__metadata
FNDA:4,Object.<anonymous>.__param
FNDA:5,Object.<anonymous>.__awaiter
FNDA:13,adopt
FNDA:13,fulfilled
FNDA:0,rejected
FNDA:17,step
FNDA:5,Object.<anonymous>.__generator
FNDA:13,sent
FNDA:0,g.<computed>
FNDA:15,verb
FNDA:18,step
FNDA:2,Object.<anonymous>.__importDefault
FNDA:5,CreateUserService
FNDA:5,Object.<anonymous>.CreateUserService.execute
DA:1,1
DA:2,1
DA:3,1
DA:4,1
DA:5,1
DA:6,1
DA:7,1
DA:8,1
DA:9,1
DA:10,1
DA:11,1
DA:12,1
DA:13,1
DA:14,1
DA:15,1
DA:16,2
DA:17,2
DA:18,5
DA:19,5
DA:20,5
DA:21,5
DA:22,5
DA:23,5
DA:24,2
DA:25,2
DA:26,5
DA:27,5
DA:28,5
DA:29,5
DA:30,5
DA:31,1
DA:32,1
DA:33,4
DA:34,4
DA:35,5
DA:36,5
DA:37,5
DA:38,5
DA:39,5
DA:40,5
DA:41,5
DA:42,5
DA:43,5
DA:44,2
DA:45,1
DA:46,1
LF:46
LH:46
BRDA:46,0,0,2
BRDA:46,1,0,2
BRDA:46,2,0,2
BRDA:46,3,0,0
BRDA:46,4,0,0
BRDA:46,5,0,0
BRDA:46,6,0,0
BRDA:46,7,0,2
BRDA:46,8,0,4
BRDA:46,9,0,4
BRDA:46,10,0,5
BRDA:46,11,0,13
BRDA:46,12,0,0
BRDA:46,13,0,5
BRDA:46,14,0,13
BRDA:46,15,0,12
BRDA:46,16,0,1
BRDA:46,17,0,17
BRDA:46,18,0,4
BRDA:46,19,0,13
BRDA:46,20,0,5
BRDA:46,21,0,13
BRDA:46,22,0,0
BRDA:46,23,0,15
BRDA:46,24,0,18
BRDA:46,25,0,18
BRDA:46,26,0,0
BRDA:46,27,0,36
BRDA:46,28,0,0
BRDA:46,29,0,0
BRDA:46,30,0,0
BRDA:46,31,0,0
BRDA:46,32,0,18
BRDA:46,33,0,18
BRDA:46,34,0,13
BRDA:46,35,0,0
BRDA:46,36,0,0
BRDA:46,37,0,5
BRDA:46,38,0,0
BRDA:46,39,0,4
BRDA:46,40,0,0
BRDA:46,41,0,0
BRDA:46,42,0,0
BRDA:46,43,0,0
BRDA:46,44,0,28
BRDA:46,45,0,18
BRDA:46,46,0,17
BRDA:46,47,0,1
BRDA:46,48,0,18
BRDA:46,49,0,5
BRDA:46,50,0,1
BRDA:46,51,0,4
BRDA:46,52,0,0
BRDA:46,53,0,2
BRDA:46,54,0,0
BRDA:16,55,0,2
BRDA:17,56,0,5
BRDA:25,57,0,5
BRDA:46,58,0,5
BRDA:46,59,0,18
BRDA:46,60,0,5
BRDA:46,61,0,5
BRDA:30,62,0,1
BRDA:32,63,0,4
BRDA:46,64,0,4
BRDA:46,65,0,4
BRF:66
BRH:46
end_of_record
TN:
SF:src\modules\users\services\ResetPasswordService.ts
FN:54,Object.<anonymous>
FN:54,Object.<anonymous>.__decorate
FN:54,Object.<anonymous>.__metadata
FN:54,Object.<anonymous>.__param
FN:54,Object.<anonymous>.__awaiter
FN:54,adopt
FN:54,fulfilled
FN:54,rejected
FN:54,step
FN:54,Object.<anonymous>.__generator
FN:54,sent
FN:54,g.<computed>
FN:54,verb
FN:54,step
FN:54,Object.<anonymous>.__importDefault
FN:17,ResetPasswordService
FN:28,Object.<anonymous>.ResetPasswordService.execute
FNF:17
FNH:15
FNDA:1,Object.<anonymous>
FNDA:1,Object.<anonymous>.__decorate
FNDA:1,Object.<anonymous>.__metadata
FNDA:3,Object.<anonymous>.__param
FNDA:4,Object.<anonymous>.__awaiter
FNDA:9,adopt
FNDA:9,fulfilled
FNDA:0,rejected
FNDA:10,step
FNDA:4,Object.<anonymous>.__generator
FNDA:9,sent
FNDA:0,g.<computed>
FNDA:12,verb
FNDA:13,step
FNDA:1,Object.<anonymous>.__importDefault
FNDA:4,ResetPasswordService
FNDA:4,Object.<anonymous>.ResetPasswordService.execute
DA:1,1
DA:2,1
DA:3,1
DA:4,1
DA:5,1
DA:6,1
DA:7,1
DA:8,1
DA:9,1
DA:10,1
DA:11,1
DA:12,1
DA:13,1
DA:14,1
DA:15,1
DA:16,1
DA:17,1
DA:18,4
DA:19,4
DA:20,4
DA:21,4
DA:22,4
DA:23,4
DA:24,4
DA:25,4
DA:26,4
DA:27,1
DA:28,1
DA:29,4
DA:30,4
DA:31,4
DA:32,1
DA:33,1
DA:34,3
DA:35,3
DA:36,4
DA:37,4
DA:38,1
DA:39,1
DA:40,2
DA:41,2
DA:42,2
DA:43,2
DA:44,4
DA:45,1
DA:46,1
DA:47,1
DA:48,1
DA:49,4
DA:50,4
DA:51,4
DA:52,1
DA:53,1
DA:54,1
LF:54
LH:54
BRDA:54,0,0,1
BRDA:54,1,0,1
BRDA:54,2,0,1
BRDA:54,3,0,0
BRDA:54,4,0,0
BRDA:54,5,0,0
BRDA:54,6,0,0
BRDA:54,7,0,1
BRDA:54,8,0,3
BRDA:54,9,0,3
BRDA:54,10,0,4
BRDA:54,11,0,9
BRDA:54,12,0,0
BRDA:54,13,0,4
BRDA:54,14,0,9
BRDA:54,15,0,6
BRDA:54,16,0,3
BRDA:54,17,0,10
BRDA:54,18,0,1
BRDA:54,19,0,9
BRDA:54,20,0,4
BRDA:54,21,0,9
BRDA:54,22,0,0
BRDA:54,23,0,12
BRDA:54,24,0,13
BRDA:54,25,0,13
BRDA:54,26,0,0
BRDA:54,27,0,26
BRDA:54,28,0,0
BRDA:54,29,0,0
BRDA:54,30,0,0
BRDA:54,31,0,0
BRDA:54,32,0,13
BRDA:54,33,0,13
BRDA:54,34,0,9
BRDA:54,35,0,0
BRDA:54,36,0,0
BRDA:54,37,0,4
BRDA:54,38,0,0
BRDA:54,39,0,1
BRDA:54,40,0,0
BRDA:54,41,0,0
BRDA:54,42,0,0
BRDA:54,43,0,0
BRDA:54,44,0,13
BRDA:54,45,0,10
BRDA:54,46,0,3
BRDA:54,47,0,13
BRDA:54,48,0,4
BRDA:54,49,0,3
BRDA:54,50,0,1
BRDA:54,51,0,0
BRDA:54,52,0,1
BRDA:54,53,0,0
BRDA:16,54,0,1
BRDA:17,55,0,4
BRDA:28,56,0,4
BRDA:54,57,0,4
BRDA:54,58,0,13
BRDA:29,59,0,4
BRDA:54,60,0,4
BRDA:31,61,0,1
BRDA:33,62,0,3
BRDA:54,63,0,3
BRDA:37,64,0,1
BRDA:39,65,0,2
BRDA:44,66,0,1
BRDA:54,67,0,1
BRDA:54,68,0,1
BRF:69
BRH:49
end_of_record
TN:
SF:src\modules\users\services\SendForgotPasswordEmailService.ts
FN:61,Object.<anonymous>
FN:61,Object.<anonymous>.__decorate
FN:61,Object.<anonymous>.__metadata
FN:61,Object.<anonymous>.__param
FN:61,Object.<anonymous>.__awaiter
FN:61,adopt
FN:61,fulfilled
FN:61,rejected
FN:61,step
FN:61,Object.<anonymous>.__generator
FN:61,sent
FN:61,g.<computed>
FN:61,verb
FN:61,step
FN:61,Object.<anonymous>.__importDefault
FN:17,SendForgotPasswordEmailService
FN:28,Object.<anonymous>.SendForgotPasswordEmailService.execute
FNF:17
FNH:15
FNDA:1,Object.<anonymous>
FNDA:1,Object.<anonymous>.__decorate
FNDA:1,Object.<anonymous>.__metadata
FNDA:3,Object.<anonymous>.__param
FNDA:3,Object.<anonymous>.__awaiter
FNDA:7,adopt
FNDA:7,fulfilled
FNDA:0,rejected
FNDA:9,step
FNDA:3,Object.<anonymous>.__generator
FNDA:7,sent
FNDA:0,g.<computed>
FNDA:9,verb
FNDA:10,step
FNDA:2,Object.<anonymous>.__importDefault
FNDA:3,SendForgotPasswordEmailService
FNDA:3,Object.<anonymous>.SendForgotPasswordEmailService.execute
DA:1,1
DA:2,1
DA:3,1
DA:4,1
DA:5,1
DA:6,1
DA:7,1
DA:8,1
DA:9,1
DA:10,1
DA:11,1
DA:12,1
DA:13,1
DA:14,1
DA:15,1
DA:16,1
DA:17,1
DA:18,3
DA:19,3
DA:20,3
DA:21,3
DA:22,3
DA:23,3
DA:24,3
DA:25,3
DA:26,3
DA:27,1
DA:28,1
DA:29,3
DA:30,3
DA:31,3
DA:32,1
DA:33,1
DA:34,2
DA:35,2
DA:36,3
DA:37,3
DA:38,3
DA:39,3
DA:40,3
DA:41,3
DA:42,3
DA:43,3
DA:44,3
DA:45,3
DA:46,3
DA:47,3
DA:48,3
DA:49,3
DA:50,3
DA:51,3
DA:52,3
DA:53,3
DA:54,3
DA:55,3
DA:56,3
DA:57,3
DA:58,3
DA:59,1
DA:60,1
DA:61,1
LF:61
LH:61
BRDA:61,0,0,1
BRDA:61,1,0,1
BRDA:61,2,0,1
BRDA:61,3,0,0
BRDA:61,4,0,0
BRDA:61,5,0,0
BRDA:61,6,0,0
BRDA:61,7,0,1
BRDA:61,8,0,3
BRDA:61,9,0,3
BRDA:61,10,0,3
BRDA:61,11,0,7
BRDA:61,12,0,0
BRDA:61,13,0,3
BRDA:61,14,0,7
BRDA:61,15,0,6
BRDA:61,16,0,1
BRDA:61,17,0,9
BRDA:61,18,0,2
BRDA:61,19,0,7
BRDA:61,20,0,3
BRDA:61,21,0,7
BRDA:61,22,0,0
BRDA:61,23,0,9
BRDA:61,24,0,10
BRDA:61,25,0,10
BRDA:61,26,0,0
BRDA:61,27,0,20
BRDA:61,28,0,0
BRDA:61,29,0,0
BRDA:61,30,0,0
BRDA:61,31,0,0
BRDA:61,32,0,10
BRDA:61,33,0,10
BRDA:61,34,0,7
BRDA:61,35,0,0
BRDA:61,36,0,0
BRDA:61,37,0,3
BRDA:61,38,0,0
BRDA:61,39,0,2
BRDA:61,40,0,0
BRDA:61,41,0,0
BRDA:61,42,0,0
BRDA:61,43,0,0
BRDA:61,44,0,10
BRDA:61,45,0,9
BRDA:61,46,0,1
BRDA:61,47,0,10
BRDA:61,48,0,3
BRDA:61,49,0,1
BRDA:61,50,0,2
BRDA:61,51,0,0
BRDA:61,52,0,2
BRDA:61,53,0,1
BRDA:61,54,0,1
BRDA:16,55,0,1
BRDA:17,56,0,3
BRDA:28,57,0,3
BRDA:61,58,0,3
BRDA:61,59,0,10
BRDA:29,60,0,3
BRDA:61,61,0,3
BRDA:31,62,0,1
BRDA:33,63,0,2
BRDA:61,64,0,2
BRDA:61,65,0,2
BRF:66
BRH:47
end_of_record
TN:
SF:src\modules\users\services\ShowProfileService.ts
FN:29,Object.<anonymous>
FN:29,Object.<anonymous>.__decorate
FN:29,Object.<anonymous>.__metadata
FN:29,Object.<anonymous>.__param
FN:29,Object.<anonymous>.__awaiter
FN:29,adopt
FN:29,fulfilled
FN:29,rejected
FN:29,step
FN:29,Object.<anonymous>.__generator
FN:29,sent
FN:29,g.<computed>
FN:29,verb
FN:29,step
FN:29,Object.<anonymous>.__importDefault
FN:13,ShowProfileService
FN:18,Object.<anonymous>.ShowProfileService.execute
FNF:17
FNH:15
FNDA:1,Object.<anonymous>
FNDA:1,Object.<anonymous>.__decorate
FNDA:1,Object.<anonymous>.__metadata
FNDA:1,Object.<anonymous>.__param
FNDA:2,Object.<anonymous>.__awaiter
FNDA:2,adopt
FNDA:2,fulfilled
FNDA:0,rejected
FNDA:3,step
FNDA:2,Object.<anonymous>.__generator
FNDA:2,sent
FNDA:0,g.<computed>
FNDA:6,verb
FNDA:4,step
FNDA:1,Object.<anonymous>.__importDefault
FNDA:2,ShowProfileService
FNDA:2,Object.<anonymous>.ShowProfileService.execute
DA:1,1
DA:2,1
DA:3,1
DA:4,1
DA:5,1
DA:6,1
DA:7,1
DA:8,1
DA:9,1
DA:10,1
DA:11,1
DA:12,1
DA:13,1
DA:14,2
DA:15,2
DA:16,2
DA:17,1
DA:18,1
DA:19,2
DA:20,2
DA:21,2
DA:22,1
DA:23,1
DA:24,1
DA:25,1
DA:26,2
DA:27,1
DA:28,1
DA:29,1
LF:29
LH:29
BRDA:29,0,0,1
BRDA:29,1,0,1
BRDA:29,2,0,1
BRDA:29,3,0,0
BRDA:29,4,0,0
BRDA:29,5,0,0
BRDA:29,6,0,0
BRDA:29,7,0,1
BRDA:29,8,0,1
BRDA:29,9,0,1
BRDA:29,10,0,2
BRDA:29,11,0,2
BRDA:29,12,0,0
BRDA:29,13,0,2
BRDA:29,14,0,2
BRDA:29,15,0,1
BRDA:29,16,0,3
BRDA:29,17,0,1
BRDA:29,18,0,2
BRDA:29,19,0,2
BRDA:29,20,0,2
BRDA:29,21,0,0
BRDA:29,22,0,6
BRDA:29,23,0,4
BRDA:29,24,0,4
BRDA:29,25,0,0
BRDA:29,26,0,8
BRDA:29,27,0,0
BRDA:29,28,0,0
BRDA:29,29,0,0
BRDA:29,30,0,0
BRDA:29,31,0,4
BRDA:29,32,0,4
BRDA:29,33,0,2
BRDA:29,34,0,0
BRDA:29,35,0,0
BRDA:29,36,0,2
BRDA:29,37,0,0
BRDA:29,38,0,1
BRDA:29,39,0,0
BRDA:29,40,0,0
BRDA:29,41,0,0
BRDA:29,42,0,0
BRDA:29,43,0,4
BRDA:29,44,0,3
BRDA:29,45,0,1
BRDA:29,46,0,4
BRDA:29,47,0,2
BRDA:29,48,0,1
BRDA:29,49,0,0
BRDA:29,50,0,1
BRDA:29,51,0,0
BRDA:12,52,0,1
BRDA:13,53,0,2
BRDA:18,54,0,2
BRDA:29,55,0,2
BRDA:29,56,0,4
BRDA:19,57,0,2
BRDA:29,58,0,2
BRDA:21,59,0,1
BRF:60
BRH:40
end_of_record
TN:
SF:src\modules\users\services\UpdateProfileService.ts
FN:69,Object.<anonymous>
FN:69,Object.<anonymous>.__decorate
FN:69,Object.<anonymous>.__metadata
FN:69,Object.<anonymous>.__param
FN:69,Object.<anonymous>.__awaiter
FN:69,adopt
FN:69,fulfilled
FN:69,rejected
FN:69,step
FN:69,Object.<anonymous>.__generator
FN:69,sent
FN:69,g.<computed>
FN:69,verb
FN:69,step
FN:69,Object.<anonymous>.__importDefault
FN:18,UpdateProfileService
FN:26,Object.<anonymous>.UpdateProfileService.execute
FNF:17
FNH:15
FNDA:1,Object.<anonymous>
FNDA:1,Object.<anonymous>.__decorate
FNDA:1,Object.<anonymous>.__metadata
FNDA:2,Object.<anonymous>.__param
FNDA:6,Object.<anonymous>.__awaiter
FNDA:14,adopt
FNDA:14,fulfilled
FNDA:0,rejected
FNDA:16,step
FNDA:6,Object.<anonymous>.__generator
FNDA:14,sent
FNDA:0,g.<computed>
FNDA:18,verb
FNDA:20,step
FNDA:1,Object.<anonymous>.__importDefault
FNDA:6,UpdateProfileService
FNDA:6,Object.<anonymous>.UpdateProfileService.execute
DA:1,1
DA:2,1
DA:3,1
DA:4,1
DA:5,1
DA:6,1
DA:7,1
DA:8,1
DA:9,1
DA:10,1
DA:11,1
DA:12,1
DA:13,1
DA:14,1
DA:15,1
DA:16,1
DA:17,1
DA:18,1
DA:19,6
DA:20,6
DA:21,6
DA:22,6
DA:23,6
DA:24,6
DA:25,1
DA:26,1
DA:27,6
DA:28,6
DA:29,6
DA:30,6
DA:31,6
DA:32,6
DA:33,6
DA:34,6
DA:35,6
DA:36,1
DA:37,1
DA:38,5
DA:39,5
DA:40,6
DA:41,6
DA:42,1
DA:43,1
DA:44,4
DA:45,4
DA:46,6
DA:47,1
DA:48,1
DA:49,2
DA:50,2
DA:51,2
DA:52,2
DA:53,2
DA:54,6
DA:55,6
DA:56,1
DA:57,1
DA:58,1
DA:59,1
DA:60,6
DA:61,6
DA:62,6
DA:63,6
DA:64,6
DA:65,6
DA:66,6
DA:67,1
DA:68,1
DA:69,1
LF:69
LH:69
BRDA:69,0,0,1
BRDA:69,1,0,1
BRDA:69,2,0,1
BRDA:69,3,0,0
BRDA:69,4,0,0
BRDA:69,5,0,0
BRDA:69,6,0,0
BRDA:69,7,0,1
BRDA:69,8,0,2
BRDA:69,9,0,2
BRDA:69,10,0,6
BRDA:69,11,0,14
BRDA:69,12,0,0
BRDA:69,13,0,6
BRDA:69,14,0,14
BRDA:69,15,0,10
BRDA:69,16,0,4
BRDA:69,17,0,16
BRDA:69,18,0,2
BRDA:69,19,0,14
BRDA:69,20,0,6
BRDA:69,21,0,14
BRDA:69,22,0,0
BRDA:69,23,0,18
BRDA:69,24,0,20
BRDA:69,25,0,20
BRDA:69,26,0,0
BRDA:69,27,0,41
BRDA:69,28,0,0
BRDA:69,29,0,0
BRDA:69,30,0,0
BRDA:69,31,0,0
BRDA:69,32,0,20
BRDA:69,33,0,20
BRDA:69,34,0,14
BRDA:69,35,0,0
BRDA:69,36,0,0
BRDA:69,37,0,7
BRDA:69,38,0,0
BRDA:69,39,0,3
BRDA:69,40,0,6
BRDA:69,41,0,1
BRDA:69,42,0,0
BRDA:69,43,0,1
BRDA:69,44,0,0
BRDA:69,45,0,0
BRDA:69,46,0,0
BRDA:69,47,0,21
BRDA:69,48,0,17
BRDA:69,49,0,4
BRDA:69,50,0,21
BRDA:69,51,0,6
BRDA:69,52,0,4
BRDA:69,53,0,2
BRDA:69,54,0,0
BRDA:69,55,0,1
BRDA:69,56,0,0
BRDA:17,57,0,1
BRDA:18,58,0,6
BRDA:26,59,0,6
BRDA:69,60,0,6
BRDA:69,61,0,21
BRDA:33,62,0,6
BRDA:69,63,0,6
BRDA:35,64,0,1
BRDA:37,65,0,5
BRDA:69,66,0,5
BRDA:41,67,0,1
BRDA:41,68,0,1
BRDA:43,69,0,4
BRDA:45,70,0,1
BRDA:45,71,0,3
BRDA:46,72,0,1
BRDA:48,73,0,2
BRDA:69,74,0,2
BRDA:55,75,0,1
BRDA:69,76,0,1
BRDA:69,77,0,2
BRF:78
BRH:58
end_of_record
TN:
SF:src\modules\users\services\UpdateUserAvatarService.ts
FN:47,Object.<anonymous>
FN:47,Object.<anonymous>.__decorate
FN:47,Object.<anonymous>.__metadata
FN:47,Object.<anonymous>.__param
FN:47,Object.<anonymous>.__awaiter
FN:47,adopt
FN:47,fulfilled
FN:47,rejected
FN:47,step
FN:47,Object.<anonymous>.__generator
FN:47,sent
FN:47,g.<computed>
FN:47,verb
FN:47,step
FN:47,Object.<anonymous>.__importDefault
FN:18,UpdateUserAvatarService
FN:26,Object.<anonymous>.UpdateUserAvatarService.execute
FNF:17
FNH:15
FNDA:1,Object.<anonymous>
FNDA:1,Object.<anonymous>.__decorate
FNDA:1,Object.<anonymous>.__metadata
FNDA:2,Object.<anonymous>.__param
FNDA:4,Object.<anonymous>.__awaiter
FNDA:11,adopt
FNDA:11,fulfilled
FNDA:0,rejected
FNDA:14,step
FNDA:4,Object.<anonymous>.__generator
FNDA:11,sent
FNDA:0,g.<computed>
FNDA:12,verb
FNDA:15,step
FNDA:1,Object.<anonymous>.__importDefault
FNDA:3,UpdateUserAvatarService
FNDA:4,Object.<anonymous>.UpdateUserAvatarService.execute
DA:1,1
DA:2,1
DA:3,1
DA:4,1
DA:5,1
DA:6,1
DA:7,1
DA:8,1
DA:9,1
DA:10,1
DA:11,1
DA:12,1
DA:13,1
DA:14,1
DA:15,1
DA:16,1
DA:17,1
DA:18,1
DA:19,3
DA:20,3
DA:21,3
DA:22,3
DA:23,3
DA:24,3
DA:25,1
DA:26,1
DA:27,4
DA:28,4
DA:29,4
DA:30,1
DA:31,1
DA:32,3
DA:33,3
DA:34,1
DA:35,4
DA:36,4
DA:37,4
DA:38,4
DA:39,4
DA:40,4
DA:41,4
DA:42,4
DA:43,4
DA:44,4
DA:45,1
DA:46,1
DA:47,1
LF:47
LH:47
BRDA:47,0,0,1
BRDA:47,1,0,1
BRDA:47,2,0,1
BRDA:47,3,0,0
BRDA:47,4,0,0
BRDA:47,5,0,0
BRDA:47,6,0,0
BRDA:47,7,0,1
BRDA:47,8,0,2
BRDA:47,9,0,2
BRDA:47,10,0,4
BRDA:47,11,0,11
BRDA:47,12,0,0
BRDA:47,13,0,4
BRDA:47,14,0,11
BRDA:47,15,0,10
BRDA:47,16,0,1
BRDA:47,17,0,14
BRDA:47,18,0,3
BRDA:47,19,0,11
BRDA:47,20,0,4
BRDA:47,21,0,11
BRDA:47,22,0,0
BRDA:47,23,0,12
BRDA:47,24,0,15
BRDA:47,25,0,15
BRDA:47,26,0,0
BRDA:47,27,0,32
BRDA:47,28,0,0
BRDA:47,29,0,0
BRDA:47,30,0,0
BRDA:47,31,0,0
BRDA:47,32,0,15
BRDA:47,33,0,15
BRDA:47,34,0,11
BRDA:47,35,0,0
BRDA:47,36,0,0
BRDA:47,37,0,6
BRDA:47,38,0,0
BRDA:47,39,0,5
BRDA:47,40,0,4
BRDA:47,41,0,2
BRDA:47,42,0,0
BRDA:47,43,0,2
BRDA:47,44,0,0
BRDA:47,45,0,0
BRDA:47,46,0,0
BRDA:47,47,0,17
BRDA:47,48,0,16
BRDA:47,49,0,1
BRDA:47,50,0,17
BRDA:47,51,0,4
BRDA:47,52,0,1
BRDA:47,53,0,3
BRDA:47,54,0,0
BRDA:47,55,0,1
BRDA:47,56,0,0
BRDA:17,57,0,1
BRDA:18,58,0,3
BRDA:26,59,0,4
BRDA:47,60,0,4
BRDA:47,61,0,17
BRDA:27,62,0,4
BRDA:47,63,0,4
BRDA:29,64,0,1
BRDA:31,65,0,3
BRDA:33,66,0,2
BRDA:33,67,0,1
BRDA:47,68,0,1
BRDA:37,69,0,3
BRDA:47,70,0,3
BRDA:47,71,0,3
BRF:72
BRH:52
end_of_record
